<?xml version="1.0" encoding="UTF-8"?>
<!-- Generated by org.testng.reporters.JUnitReportReporter -->
<testsuite hostname="Efe-MacBook-Pro.local" failures="0" tests="3" name="tests.RestAssuredTest" time="2.046" errors="0" timestamp="2021-11-28T17:41:51 TRT" skipped="0">
  <testcase classname="tests.RestAssuredTest" name="listSingleResouce" time="0.176"/>
  <system-out/>
  <testcase classname="tests.RestAssuredTest" name="singleUserBDDTest" time="0.400"/>
  <system-out/>
  <testcase classname="tests.RestAssuredTest" name="createUserTest" time="1.470"/>
  <system-out/>
</testsuite> <!-- tests.RestAssuredTest -->
